0 info it worked if it ends with ok
1 verbose cli [ '/usr/bin/node', '/usr/bin/npm', 'start' ]
2 info using npm@3.5.2
3 info using node@v8.10.0
4 verbose run-script [ 'prestart', 'start', 'poststart' ]
5 info lifecycle very-basic-express-app@0.0.0~prestart: very-basic-express-app@0.0.0
6 silly lifecycle very-basic-express-app@0.0.0~prestart: no script for prestart, continuing
7 info lifecycle very-basic-express-app@0.0.0~start: very-basic-express-app@0.0.0
8 verbose lifecycle very-basic-express-app@0.0.0~start: unsafe-perm in lifecycle true
9 verbose lifecycle very-basic-express-app@0.0.0~start: PATH: /usr/share/npm/bin/node-gyp-bin:/mnt/c/Users/linicho/Documents/dev/very-basic-express-app/node_modules/.bin:/usr/local/sbin:/usr/local/bin:/usr/sbin:/usr/bin:/sbin:/bin:/usr/games:/usr/local/games:/mnt/c/ProgramData/DockerDesktop/version-bin:/mnt/c/Program Files/Docker/Docker/Resources/bin:/mnt/c/Program Files/Microsoft MPI/Bin/:/mnt/c/Program Files/Common Files/Microsoft Shared/Microsoft Online Services:/mnt/c/Program Files (x86)/Common Files/Microsoft Shared/Microsoft Online Services:/mnt/c/WINDOWS/system32:/mnt/c/WINDOWS:/mnt/c/WINDOWS/System32/Wbem:/mnt/c/WINDOWS/System32/WindowsPowerShell/v1.0/:/mnt/c/WINDOWS/System32/OpenSSH/:/mnt/c/Program Files/dotnet/:/mnt/c/Program Files/Microsoft SQL Server/130/Tools/Binn/:/mnt/c/Program Files/nodejs/:/mnt/c/Program Files/Microsoft SQL Server/Client SDK/ODBC/130/Tools/Binn/:/mnt/c/Program Files (x86)/Microsoft SQL Server/140/Tools/Binn/:/mnt/c/Program Files/Microsoft SQL Server/140/Tools/Binn/:/mnt/c/Program Files/Microsoft SQL Server/140/DTS/Binn/:/mnt/c/Users/linicho/AppData/Local/Microsoft/WindowsApps:/mnt/c/Users/linicho/AppData/Local/Programs/Microsoft VS Code/bin:/mnt/c/Users/linicho/AppData/Roaming/npm:/snap/bin:/home/lynnaloo/n/bin
10 verbose lifecycle very-basic-express-app@0.0.0~start: CWD: /mnt/c/Users/linicho/Documents/dev/very-basic-express-app
11 silly lifecycle very-basic-express-app@0.0.0~start: Args: [ '-c', 'node ./bin/www' ]
12 silly lifecycle very-basic-express-app@0.0.0~start: Returned: code: 1  signal: null
13 info lifecycle very-basic-express-app@0.0.0~start: Failed to exec start script
14 verbose stack Error: very-basic-express-app@0.0.0 start: `node ./bin/www`
14 verbose stack Exit status 1
14 verbose stack     at EventEmitter.<anonymous> (/usr/share/npm/lib/utils/lifecycle.js:232:16)
14 verbose stack     at emitTwo (events.js:126:13)
14 verbose stack     at EventEmitter.emit (events.js:214:7)
14 verbose stack     at ChildProcess.<anonymous> (/usr/share/npm/lib/utils/spawn.js:24:14)
14 verbose stack     at emitTwo (events.js:126:13)
14 verbose stack     at ChildProcess.emit (events.js:214:7)
14 verbose stack     at maybeClose (internal/child_process.js:925:16)
14 verbose stack     at Process.ChildProcess._handle.onexit (internal/child_process.js:209:5)
15 verbose pkgid very-basic-express-app@0.0.0
16 verbose cwd /mnt/c/Users/linicho/Documents/dev/very-basic-express-app
17 error Linux 4.4.0-18362-Microsoft
18 error argv "/usr/bin/node" "/usr/bin/npm" "start"
19 error node v8.10.0
20 error npm  v3.5.2
21 error code ELIFECYCLE
22 error very-basic-express-app@0.0.0 start: `node ./bin/www`
22 error Exit status 1
23 error Failed at the very-basic-express-app@0.0.0 start script 'node ./bin/www'.
23 error Make sure you have the latest version of node.js and npm installed.
23 error If you do, this is most likely a problem with the very-basic-express-app package,
23 error not with npm itself.
23 error Tell the author that this fails on your system:
23 error     node ./bin/www
23 error You can get information on how to open an issue for this project with:
23 error     npm bugs very-basic-express-app
23 error Or if that isn't available, you can get their info via:
23 error     npm owner ls very-basic-express-app
23 error There is likely additional logging output above.
24 verbose exit [ 1, true ]
